Flutter crash report; please file at https://github.com/flutter/flutter/issues.

## command

flutter build flx --suppress-analytics --target /Users/neil/hope_sign_in/lib/main.dart --output-file /Users/neil/hope_sign_in/build/app/intermediates/flutter/debug/app.flx --snapshot /Users/neil/hope_sign_in/build/app/intermediates/flutter/debug/snapshot_blob.bin --depfile /Users/neil/hope_sign_in/build/app/intermediates/flutter/debug/snapshot_blob.bin.d --working-dir /Users/neil/hope_sign_in/build/app/intermediates/flutter/debug/flutter_assets

## exception

FileSystemException: FileSystemException: Cannot delete file, path = '/Users/neil/flutter/bin/cache/downloads/storage.googleapis.com/flutter_infra/flutter/6921873c71e700235c0f68f0359be2332f93c8bc/sky_engine.zip' (OS Error: No such file or directory, errno = 2)

```
#0      _File.throwIfError (dart:io/file_impl.dart:629)
#1      _File._deleteSync (dart:io/file_impl.dart:296)
#2      FileSystemEntity.deleteSync (dart:io/file_system_entity.dart:451)
#3      ForwardingFileSystemEntity.deleteSync (package:file/src/forwarding/forwarding_file_system_entity.dart:68)
#4      CachedArtifact._removeDownloadedFiles (package:flutter_tools/src/cache.dart:264)
#5      CachedArtifact.update (package:flutter_tools/src/cache.dart:258)
<asynchronous suspension>
#6      Cache.updateAll (package:flutter_tools/src/cache.dart:223)
<asynchronous suspension>
#7      FlutterCommand.verifyThenRunCommand (package:flutter_tools/src/runner/flutter_command.dart:265)
<asynchronous suspension>
#8      FlutterCommand.run (package:flutter_tools/src/runner/flutter_command.dart:219)
<asynchronous suspension>
#9      CommandRunner.runCommand (package:args/command_runner.dart:194)
<asynchronous suspension>
#10     FlutterCommandRunner.runCommand (package:flutter_tools/src/runner/flutter_command_runner.dart:284)
<asynchronous suspension>
#11     CommandRunner.run.<anonymous closure> (package:args/command_runner.dart:109)
#12     new Future.sync (dart:async/future.dart:222)
#13     CommandRunner.run (package:args/command_runner.dart:109)
#14     FlutterCommandRunner.run (package:flutter_tools/src/runner/flutter_command_runner.dart:166)
#15     run.<anonymous closure> (package:flutter_tools/runner.dart:89)
<asynchronous suspension>
#16     AppContext._run (package:flutter_tools/src/base/context.dart:76)
<asynchronous suspension>
#17     AppContext.runInZone.<anonymous closure> (package:flutter_tools/src/base/context.dart:66)
#18     _rootRun (dart:async/zone.dart:1126)
#19     _CustomZone.run (dart:async/zone.dart:1023)
#20     runZoned (dart:async/zone.dart:1501)
#21     AppContext.runInZone (package:flutter_tools/src/base/context.dart:65)
#22     run (package:flutter_tools/runner.dart:60)
<asynchronous suspension>
#23     main (package:flutter_tools/executable.dart:44)
<asynchronous suspension>
#24     main (file:///Users/neil/flutter/packages/flutter_tools/bin/flutter_tools.dart:16)
#25     _startIsolate.<anonymous closure> (dart:isolate-patch/dart:isolate/isolate_patch.dart:275)
#26     _RawReceivePortImpl._handleMessage (dart:isolate-patch/dart:isolate/isolate_patch.dart:163)
```

## flutter doctor

```
[✓] Flutter (on Mac OS X 10.13.4 17E199, locale en-US, channel alpha)
    • Flutter version 0.0.22-pre.1 at /Users/neil/flutter
    • Framework revision 553fc4264e (8 weeks ago), 2018-03-01 09:30:25 -0800
    • Engine revision 6921873c71
    • Tools Dart version 2.0.0-dev.16.0
    • Engine Dart version 2.0.0-edge.da1f52592ef73fe3afa485385cb995b9aec0181a

[✓] Android toolchain - develop for Android devices (Android SDK 27.0.3)
    • Android SDK at /Users/neil/Library/Android/sdk
    • Android NDK at /Users/neil/Library/Android/sdk/ndk-bundle
    • Platform android-27, build-tools 27.0.3
    • Java binary at: /Applications/Android Studio 3.1 PreviewFeb2018.app/Contents/jre/jdk/Contents/Home/bin/java
    • Java version OpenJDK Runtime Environment (build 1.8.0_152-release-1024-b01)

[-] iOS toolchain - develop for iOS devices (Xcode 9.3)
    • Xcode at /Applications/Xcode.app/Contents/Developer
    • Xcode 9.3, Build version 9E145
    • ios-deploy 1.9.2
    ✗ CocoaPods not installed.
        CocoaPods is used to retrieve the iOS platform side's plugin code that responds to your plugin usage on the Dart side.
        Without resolving iOS dependencies with CocoaPods, plugins will not work on iOS.
        For more info, see https://flutter.io/platform-plugins
      To install:
        brew install cocoapods
        pod setup

[✓] Android Studio (version 3.1)
    • Android Studio at /Applications/Android Studio 3.1 PreviewFeb2018.app/Contents
    • Java version OpenJDK Runtime Environment (build 1.8.0_152-release-1024-b01)

[✓] Android Studio (version 3.0)
    • Android Studio at /Applications/Android Studio.app/Contents
    • Java version OpenJDK Runtime Environment (build 1.8.0_152-release-915-b08)

[✓] IntelliJ IDEA Community Edition (version 2017.2.6)
    • Flutter plugin version 21.2.2
    • Dart plugin version 172.4343.25

[✓] Connected devices
    • Android SDK built for x86 • emulator-5554 • android-x86 • Android O (API 25) (emulator)

```
